<?xml version="1.0" encoding="UTF-8"?>
<!-- Generated by org.testng.reporters.JUnitReportReporter -->
<testsuite skipped="0" hostname="DESKTOP-JEOUUQ7" name="loganalysis.AccessLogMapperTest" tests="1" failures="0" timestamp="2021-07-23T21:02:54 AEST" time="0.005" errors="0">
  <testcase name="extractValuesFromLogFile" time="0.005" classname="loganalysis.AccessLogMapperTest"/>
  <system-out/>
</testsuite> <!-- loganalysis.AccessLogMapperTest -->
