<?xml version="1.0" encoding="UTF-8"?>
<!-- Generated by org.testng.reporters.JUnitReportReporter -->
<testsuite skipped="0" hostname="DESKTOP-JEOUUQ7" name="loganalysis.AppTest" tests="4" failures="0" timestamp="2021-07-23T08:57:21 AEST" time="0.022" errors="0">
  <testcase name="FindMostCommonIpAddressIntegrationTest" time="0.013" classname="loganalysis.AppTest"/>
  <system-out/>
  <testcase name="TopThreeUrlsFromFileIntegrationTest" time="0.007" classname="loganalysis.AppTest"/>
  <system-out/>
  <testcase name="extractValuesFromLogFile" time="0.000" classname="loganalysis.AppTest"/>
  <system-out/>
  <testcase name="TopThreeIpAddressesFromFileIntegrationTest" time="0.002" classname="loganalysis.AppTest"/>
  <system-out/>
</testsuite> <!-- loganalysis.AppTest -->
