<?xml version="1.0" encoding="UTF-8"?>
<!-- Generated by org.testng.reporters.JUnitReportReporter -->
<testsuite skipped="0" hostname="DESKTOP-JEOUUQ7" name="loganalysis.LogStatisticTest" tests="2" failures="0" timestamp="2021-07-23T21:02:54 AEST" time="0.002" errors="0">
  <testcase name="checkThatURLStatsAccumulate" time="0.001" classname="loganalysis.LogStatisticTest"/>
  <system-out/>
  <testcase name="checkThatIPStatsAccumulate" time="0.001" classname="loganalysis.LogStatisticTest"/>
  <system-out/>
</testsuite> <!-- loganalysis.LogStatisticTest -->
