<?xml version="1.0" encoding="UTF-8"?>
<!-- Generated by org.testng.reporters.JUnitReportReporter -->
<testsuite skipped="0" hostname="DESKTOP-JEOUUQ7" name="loganalysis.LogCollectorTest" tests="4" failures="0" timestamp="2021-07-23T21:10:21 AEST" time="0.015" errors="0">
  <testcase name="TopThreeIpAddressesFromFileIntegrationTest" time="0.002" classname="loganalysis.LogCollectorTest"/>
  <system-out/>
  <testcase name="FindMostCommonIpAddressIntegrationTest" time="0.010" classname="loganalysis.LogCollectorTest"/>
  <system-out/>
  <testcase name="TopThreeUrlsFromFileIntegrationTest" time="0.002" classname="loganalysis.LogCollectorTest"/>
  <system-out/>
  <testcase name="FindNumberOfUniqueIpAddresses" time="0.001" classname="loganalysis.LogCollectorTest"/>
  <system-out/>
</testsuite> <!-- loganalysis.LogCollectorTest -->
