<?xml version="1.0" encoding="UTF-8"?>
<!-- Generated by org.testng.reporters.JUnitReportReporter -->
<testsuite skipped="0" hostname="DESKTOP-JEOUUQ7" name="loganalysis.AccessLogMapperTest" tests="1" failures="0" timestamp="2021-07-23T21:10:21 AEST" time="0.006" errors="0">
  <testcase name="extractValuesFromLogFile" time="0.006" classname="loganalysis.AccessLogMapperTest"/>
  <system-out/>
</testsuite> <!-- loganalysis.AccessLogMapperTest -->
